<?xml version="1.0" encoding="UTF-8" ?>
<testsuite errors="0" failures="0" hostname="Kevin" name="Project2Test" tests="3" time="1.807" timestamp="2014-01-15T01:41:05">
  <properties>
    <property name="java.vendor" value="Oracle Corporation" />
    <property name="env.SESSION_MANAGER" value="local/Kevin:@/tmp/.ICE-unix/1553,unix/Kevin:/tmp/.ICE-unix/1553" />
    <property name="sun.java.launcher" value="SUN_STANDARD" />
    <property name="eclipse.pdebuild.templates" value="/home/kevin/桌面/eclipse/plugins/org.eclipse.pde.build_3.8.100.v20130514-1028/templates//" />
    <property name="env.QT_IM_MODULE" value="xim" />
    <property name="sun.management.compiler" value="HotSpot Client Compiler" />
    <property name="os.name" value="Linux" />
    <property name="sun.boot.class.path" value="/usr/lib/jvm/java-7-oracle/jre/lib/resources.jar:/usr/lib/jvm/java-7-oracle/jre/lib/rt.jar:/usr/lib/jvm/java-7-oracle/jre/lib/sunrsasign.jar:/usr/lib/jvm/java-7-oracle/jre/lib/jsse.jar:/usr/lib/jvm/java-7-oracle/jre/lib/jce.jar:/usr/lib/jvm/java-7-oracle/jre/lib/charsets.jar:/usr/lib/jvm/java-7-oracle/jre/lib/jfr.jar:/usr/lib/jvm/java-7-oracle/jre/classes" />
    <property name="env.PWD" value="/home/kevin" />
    <property name="env.XDG_SESSION_COOKIE" value="c5d7d48a2e40cfd4f7e6672500000005-1389746758.871383-752244468" />
    <property name="sun.desktop" value="gnome" />
    <property name="env.LANG" value="zh_TW.UTF-8" />
    <property name="java.vm.specification.vendor" value="Oracle Corporation" />
    <property name="ant.home" value="/home/kevin/桌面/eclipse/plugins/org.apache.ant_1.8.4.v201303080030" />
    <property name="java.runtime.version" value="1.7.0_17-b02" />
    <property name="env.GTK_IM_MODULE" value="ibus" />
    <property name="env.DEFAULTS_PATH" value="/usr/share/gconf/ubuntu-2d.default.path" />
    <property name="env.DISPLAY" value=":0.0" />
    <property name="user.name" value="kevin" />
    <property name="env.USER" value="kevin" />
    <property name="env.SHELL" value="/bin/bash" />
    <property name="env.DESKTOP_SESSION" value="ubuntu-2d" />
    <property name="env.XDG_DATA_DIRS" value="/usr/share/ubuntu-2d:/usr/share/gnome:/usr/local/share/:/usr/share/" />
    <property name="env.NLSPATH" value="/usr/dt/lib/nls/msg/%L/%N.cat" />
    <property name="env.PATH" value="/usr/lib/lightdm/lightdm:/usr/local/sbin:/usr/local/bin:/usr/sbin:/usr/bin:/sbin:/bin:/usr/games" />
    <property name="env.XDG_CURRENT_DESKTOP" value="Unity" />
    <property name="user.language" value="zh" />
    <property name="sun.boot.library.path" value="/usr/lib/jvm/java-7-oracle/jre/lib/i386" />
    <property name="ant.project.default-target" value="main" />
    <property name="ant.project.name" value="Project2" />
    <property name="java.version" value="1.7.0_17" />
    <property name="ant.file.Project2" value="/home/kevin/git/Project2/Project2/build.xml" />
    <property name="user.timezone" value="" />
    <property name="env.DBUS_SESSION_BUS_ADDRESS" value="unix:abstract=/tmp/dbus-U7nG1JA5ij,guid=658b29fa117d40c8e6ebcd870000001f" />
    <property name="sun.arch.data.model" value="32" />
    <property name="env.SSH_AGENT_PID" value="1629" />
    <property name="java.endorsed.dirs" value="/usr/lib/jvm/java-7-oracle/jre/lib/endorsed" />
    <property name="sun.cpu.isalist" value="" />
    <property name="sun.jnu.encoding" value="UTF-8" />
    <property name="file.encoding.pkg" value="sun.io" />
    <property name="ECLIPSE_HOME" value="/home/kevin/桌面/eclipse" />
    <property name="file.separator" value="/" />
    <property name="java.specification.name" value="Java Platform API Specification" />
    <property name="env.GNOME_DESKTOP_SESSION_ID" value="this-is-deprecated" />
    <property name="java.class.version" value="51.0" />
    <property name="env.GDMSESSION" value="ubuntu-2d" />
    <property name="user.country" value="TW" />
    <property name="env.GNOME_KEYRING_PID" value="1542" />
    <property name="java.home" value="/usr/lib/jvm/java-7-oracle/jre" />
    <property name="java.vm.info" value="mixed mode" />
    <property name="env.LOGNAME" value="kevin" />
    <property name="ant.file" value="/home/kevin/git/Project2/Project2/build.xml" />
    <property name="os.version" value="3.5.0-23-generic" />
    <property name="path.separator" value=":" />
    <property name="java.vm.version" value="23.7-b01" />
    <property name="env.LANGUAGE" value="zh_TW:zh" />
    <property name="ant.library.dir" value="/home/kevin/桌面/eclipse/plugins/org.apache.ant_1.8.4.v201303080030/lib" />
    <property name="env.XDG_SESSION_PATH" value="/org/freedesktop/DisplayManager/Session0" />
    <property name="junit.output.dir" value="junit" />
    <property name="env.JAVA_HOME" value="/usr/lib/jvm/java-7-oracle" />
    <property name="java.awt.printerjob" value="sun.print.PSPrinterJob" />
    <property name="sun.io.unicode.encoding" value="UnicodeLittle" />
    <property name="awt.toolkit" value="sun.awt.X11.XToolkit" />
    <property name="env.XMODIFIERS" value="@im=ibus" />
    <property name="env.LIBGL_DRIVERS_PATH" value="/usr/lib/fglrx/dri" />
    <property name="eclipse.pdebuild.scripts" value="/home/kevin/桌面/eclipse/plugins/org.eclipse.pde.build_3.8.100.v20130514-1028/scripts//" />
    <property name="user.home" value="/home/kevin" />
    <property name="target" value="1.6" />
    <property name="java.specification.vendor" value="Oracle Corporation" />
    <property name="java.library.path" value="/usr/lib/jvm/java-7-oracle/jre/lib/i386/client:/usr/lib/jvm/java-7-oracle/jre/lib/i386::/usr/java/packages/lib/i386:/lib:/usr/lib" />
    <property name="java.vendor.url" value="http://java.oracle.com/" />
    <property name="java.vm.vendor" value="Oracle Corporation" />
    <property name="java.runtime.name" value="Java(TM) SE Runtime Environment" />
    <property name="ant.version" value="Apache Ant(TM) version 1.8.4 compiled on May 22 2012" />
    <property name="java.class.path" value="/home/kevin/git/Project2/Project2/bin:/home/kevin/git/Project2/Project2/postgresql-9.3-1100.jdbc4.jar:/home/kevin/git/Project2/Project2/mail.jar:/home/kevin/桌面/eclipse/plugins/org.junit_4.11.0.v201303080030/junit.jar:/home/kevin/桌面/eclipse/plugins/org.hamcrest.core_1.3.0.v201303031735.jar:/home/kevin/桌面/eclipse/plugins/org.apache.ant_1.8.4.v201303080030/lib/ant-launcher.jar:/home/kevin/桌面/eclipse/plugins/org.apache.ant_1.8.4.v201303080030/lib/ant.jar:/home/kevin/桌面/eclipse/plugins/org.apache.ant_1.8.4.v201303080030/lib/ant-junit.jar:/home/kevin/桌面/eclipse/plugins/org.apache.ant_1.8.4.v201303080030/lib/ant-junit4.jar" />
    <property name="sun.java.command" value="org.apache.tools.ant.taskdefs.optional.junit.JUnitTestRunner Project2Test filtertrace=true haltOnError=false haltOnFailure=false formatter=org.apache.tools.ant.taskdefs.optional.junit.OutErrSummaryJUnitResultFormatter showoutput=false outputtoformatters=true logfailedtests=true logtestlistenerevents=false formatter=org.apache.tools.ant.taskdefs.optional.junit.XMLJUnitResultFormatter,/home/kevin/git/Project2/Project2/junit/TEST-Project2Test.xml crashfile=/home/kevin/git/Project2/Project2/junitvmwatcher6553763162607629407.properties propsfile=/home/kevin/git/Project2/Project2/junit4451139382356783539.properties" />
    <property name="env.UBUNTU_MENUPROXY" value="libappmenu.so" />
    <property name="env.XFILESEARCHPATH" value="/usr/dt/app-defaults/%L/Dt" />
    <property name="java.vm.specification.name" value="Java Virtual Machine Specification" />
    <property name="java.vm.specification.version" value="1.7" />
    <property name="sun.os.patch.level" value="unknown" />
    <property name="sun.cpu.endian" value="little" />
    <property name="debuglevel" value="source,lines,vars" />
    <property name="env.HOME" value="/home/kevin" />
    <property name="env.ANT_HOME" value="/home/kevin/桌面/eclipse/plugins/org.apache.ant_1.8.4.v201303080030" />
    <property name="java.io.tmpdir" value="/tmp" />
    <property name="eclipse.pdebuild.home" value="/home/kevin/桌面/eclipse/plugins/org.eclipse.pde.build_3.8.100.v20130514-1028/.//" />
    <property name="env.XDG_SEAT_PATH" value="/org/freedesktop/DisplayManager/Seat0" />
    <property name="env.LD_LIBRARY_PATH" value="/usr/lib/jvm/java-7-oracle/jre/lib/i386/client:/usr/lib/jvm/java-7-oracle/jre/lib/i386:" />
    <property name="java.vendor.url.bug" value="http://bugreport.sun.com/bugreport/" />
    <property name="env.SSH_AUTH_SOCK" value="/tmp/keyring-K5IF4a/ssh" />
    <property name="java.awt.graphicsenv" value="sun.awt.X11GraphicsEnvironment" />
    <property name="os.arch" value="i386" />
    <property name="java.ext.dirs" value="/usr/lib/jvm/java-7-oracle/jre/lib/ext:/usr/java/packages/lib/ext" />
    <property name="env.XAUTHORITY" value="/home/kevin/.Xauthority" />
    <property name="user.dir" value="/home/kevin/git/Project2/Project2" />
    <property name="env.MANDATORY_PATH" value="/usr/share/gconf/ubuntu-2d.mandatory.path" />
    <property name="line.separator" value="&#xa;" />
    <property name="java.vm.name" value="Java HotSpot(TM) Client VM" />
    <property name="basedir" value="/home/kevin/git/Project2/Project2" />
    <property name="ant.java.version" value="1.7" />
    <property name="ant.core.lib" value="/home/kevin/桌面/eclipse/plugins/org.apache.ant_1.8.4.v201303080030/lib/ant.jar" />
    <property name="source" value="1.6" />
    <property name="file.encoding" value="UTF-8" />
    <property name="ant.file.type.Project2" value="file" />
    <property name="env.GPG_AGENT_INFO" value="/tmp/keyring-K5IF4a/gpg:0:1" />
    <property name="java.specification.version" value="1.7" />
    <property name="env.GNOME_KEYRING_CONTROL" value="/tmp/keyring-K5IF4a" />
    <property name="env.XDG_CONFIG_DIRS" value="/etc/xdg/xdg-ubuntu-2d:/etc/xdg" />
    <property name="ant.project.invoked-targets" value="main" />
  </properties>
  <testcase classname="Project2Test" name="testGetFirstFoodinfofromCity" time="0.785" />
  <testcase classname="Project2Test" name="testGetFirstLiveinfofromCity" time="0.165" />
  <testcase classname="Project2Test" name="testGetFirstSiteinfofromCity" time="0.461" />
  <system-out><![CDATA[]]></system-out>
  <system-err><![CDATA[]]></system-err>
</testsuite>
